1664088800 OLDEST
1664088801 OLDER
1664088802 OLD
1664088803 THIS SHOULD BE RIGHT NEXT TO line 1
1664088804 line 01
1664088804 line 02
1664088804 line 03
1664088804 line 04
1664088804 line 05
1664088804 line 06
1664088804 line 07
1664088804 line 08
1664088804 line 09
1664088804 line 10
1664088804 line 11
1664088804 line 12
1664088804 line 13
1664088804 line 14
1664088804 line 15
1664088804 line 16
1664088804 line 17
1664088804 line 18
1664088804 line 19
1664088804 line 20
1664088805 THIS SHOULD BE RIGHT NEXT TO line 20
1664088806 NEW
1664088807 NEWER
1664088808 NEWEST
1664518226 NOW
